<?xml version="1.0" encoding="UTF-8"?>
<testsuite name="BowlingGameTest" tests="1" skipped="0" failures="0" errors="0" timestamp="2023-04-13T08:12:31" hostname="masons-MacBook-Pro.local" time="0.013">
  <properties/>
  <testcase name="hello world()" classname="BowlingGameTest" time="0.013"/>
  <system-out><![CDATA[]]></system-out>
  <system-err><![CDATA[]]></system-err>
</testsuite>
